0 info it worked if it ends with ok
1 verbose cli [ '/home/zhuxinliang/.nvm/versions/node/v4.4.5/bin/node',
1 verbose cli   '/home/zhuxinliang/.nvm/versions/node/v4.4.5/bin/npm',
1 verbose cli   'run',
1 verbose cli   'eslint' ]
2 info using npm@2.15.5
3 info using node@v4.4.5
4 verbose run-script [ 'preeslint', 'eslint', 'posteslint' ]
5 info preeslint react-webapp-startkit@1.0.0
6 info eslint react-webapp-startkit@1.0.0
7 verbose unsafe-perm in lifecycle true
8 info react-webapp-startkit@1.0.0 Failed to exec eslint script
9 verbose stack Error: react-webapp-startkit@1.0.0 eslint: `eslint --ext .js src`
9 verbose stack Exit status 1
9 verbose stack     at EventEmitter.<anonymous> (/home/zhuxinliang/.nvm/versions/node/v4.4.5/lib/node_modules/npm/lib/utils/lifecycle.js:217:16)
9 verbose stack     at emitTwo (events.js:87:13)
9 verbose stack     at EventEmitter.emit (events.js:172:7)
9 verbose stack     at ChildProcess.<anonymous> (/home/zhuxinliang/.nvm/versions/node/v4.4.5/lib/node_modules/npm/lib/utils/spawn.js:24:14)
9 verbose stack     at emitTwo (events.js:87:13)
9 verbose stack     at ChildProcess.emit (events.js:172:7)
9 verbose stack     at maybeClose (internal/child_process.js:827:16)
9 verbose stack     at Process.ChildProcess._handle.onexit (internal/child_process.js:211:5)
10 verbose pkgid react-webapp-startkit@1.0.0
11 verbose cwd /home/zhuxinliang/my_code/react-webapp-startkit
12 error Linux 3.13.0-88-generic
13 error argv "/home/zhuxinliang/.nvm/versions/node/v4.4.5/bin/node" "/home/zhuxinliang/.nvm/versions/node/v4.4.5/bin/npm" "run" "eslint"
14 error node v4.4.5
15 error npm  v2.15.5
16 error code ELIFECYCLE
17 error react-webapp-startkit@1.0.0 eslint: `eslint --ext .js src`
17 error Exit status 1
18 error Failed at the react-webapp-startkit@1.0.0 eslint script 'eslint --ext .js src'.
18 error This is most likely a problem with the react-webapp-startkit package,
18 error not with npm itself.
18 error Tell the author that this fails on your system:
18 error     eslint --ext .js src
18 error You can get information on how to open an issue for this project with:
18 error     npm bugs react-webapp-startkit
18 error Or if that isn't available, you can get their info via:
18 error
18 error     npm owner ls react-webapp-startkit
18 error There is likely additional logging output above.
19 verbose exit [ 1, true ]
